<?xml version="1.0" encoding="UTF-8"?>
<!-- Generated by org.testng.reporters.JUnitXMLReporter -->
<testsuite hostname="LAPTOP-RMAM58HG" failures="1" tests="4" name="Test" time="28.373" errors="0" timestamp="19 Aug 2024 16:45:33 GMT">
  <testcase classname="tests.DashboardPageTestCases" name="TestCaseVerifyTitle" time="3.668"/>
  <testcase classname="tests.DashboardPageTestCases" name="TestCaseClickOnCarousalLeftButton" time="8.293"/>
  <testcase classname="tests.DashboardPageTestCases" name="TestCaseClickOnCarousalRightButton" time="8.006"/>
  <testcase classname="tests.ProductListingPageTestCases" name="zzzzTestCaseProductFilter" time="8.305">
    <failure type="java.lang.AssertionError" message="Test case failed due to an exception: element click intercepted: Element &amp;lt;input type=&amp;quot;checkbox&amp;quot; name=&amp;quot;&amp;quot; value=&amp;quot;&amp;quot;&amp;gt; is not clickable at point (19, 368). Other element would receive the click: &amp;lt;i class=&amp;quot;a-icon a-icon-checkbox&amp;quot;&amp;gt;&amp;lt;/i&amp;gt;
  (Session info: chrome=127.0.6533.120)
Build info: version: &amp;apos;4.20.0&amp;apos;, revision: &amp;apos;866c76ca80&amp;apos;
System info: os.name: &amp;apos;Windows 11&amp;apos;, os.arch: &amp;apos;amd64&amp;apos;, os.version: &amp;apos;10.0&amp;apos;, java.version: &amp;apos;17.0.11&amp;apos;
Driver info: org.openqa.selenium.chrome.ChromeDriver
Command: [c75be826f11f812bfa78dbe749ee0b2c, clickElement {id=f.788C31B0F96965D1496D413600CDB2B3.d.F1DF40B2A2DFD6BD6EE6FB1CD2BB92BB.e.157}]
Capabilities {acceptInsecureCerts: false, browserName: chrome, browserVersion: 127.0.6533.120, chrome: {chromedriverVersion: 127.0.6533.119 (bdef6783a05..., userDataDir: C:\Users\rudre\AppData\Loca...}, fedcm:accounts: true, goog:chromeOptions: {debuggerAddress: localhost:59705}, networkConnectionEnabled: false, pageLoadStrategy: normal, platformName: windows, proxy: Proxy(), se:cdp: ws://localhost:59705/devtoo..., se:cdpVersion: 127.0.6533.120, setWindowRect: true, strictFileInteractability: false, timeouts: {implicit: 0, pageLoad: 300000, script: 30000}, unhandledPromptBehavior: dismiss and notify, webauthn:extension:credBlob: true, webauthn:extension:largeBlob: true, webauthn:extension:minPinLength: true, webauthn:extension:prf: true, webauthn:virtualAuthenticators: true}
Element: [[ChromeDriver: chrome on windows (c75be826f11f812bfa78dbe749ee0b2c)] -&amp;gt; xpath: (//input[@type=&amp;apos;checkbox&amp;apos;])[1]]
Session ID: c75be826f11f812bfa78dbe749ee0b2c">
      <![CDATA[java.lang.AssertionError: Test case failed due to an exception: element click intercepted: Element <input type="checkbox" name="" value=""> is not clickable at point (19, 368). Other element would receive the click: <i class="a-icon a-icon-checkbox"></i>
  (Session info: chrome=127.0.6533.120)
Build info: version: '4.20.0', revision: '866c76ca80'
System info: os.name: 'Windows 11', os.arch: 'amd64', os.version: '10.0', java.version: '17.0.11'
Driver info: org.openqa.selenium.chrome.ChromeDriver
Command: [c75be826f11f812bfa78dbe749ee0b2c, clickElement {id=f.788C31B0F96965D1496D413600CDB2B3.d.F1DF40B2A2DFD6BD6EE6FB1CD2BB92BB.e.157}]
Capabilities {acceptInsecureCerts: false, browserName: chrome, browserVersion: 127.0.6533.120, chrome: {chromedriverVersion: 127.0.6533.119 (bdef6783a05..., userDataDir: C:\Users\rudre\AppData\Loca...}, fedcm:accounts: true, goog:chromeOptions: {debuggerAddress: localhost:59705}, networkConnectionEnabled: false, pageLoadStrategy: normal, platformName: windows, proxy: Proxy(), se:cdp: ws://localhost:59705/devtoo..., se:cdpVersion: 127.0.6533.120, setWindowRect: true, strictFileInteractability: false, timeouts: {implicit: 0, pageLoad: 300000, script: 30000}, unhandledPromptBehavior: dismiss and notify, webauthn:extension:credBlob: true, webauthn:extension:largeBlob: true, webauthn:extension:minPinLength: true, webauthn:extension:prf: true, webauthn:virtualAuthenticators: true}
Element: [[ChromeDriver: chrome on windows (c75be826f11f812bfa78dbe749ee0b2c)] -> xpath: (//input[@type='checkbox'])[1]]
Session ID: c75be826f11f812bfa78dbe749ee0b2c
	at tests.ProductListingPageTestCases.zzzzTestCaseProductFilter(ProductListingPageTestCases.java:46)
... Removed 25 stack frames]]>
    </failure>
  </testcase> <!-- zzzzTestCaseProductFilter -->
</testsuite> <!-- Test -->
