<?xml version="1.0" encoding="UTF-8"?>
<!-- Generated by org.testng.reporters.JUnitXMLReporter -->
<testsuite hostname="LAPTOP-RMAM58HG" failures="0" tests="3" name="Test" time="11.712" errors="0" timestamp="19 Aug 2024 16:16:02 GMT">
  <testcase classname="tests.ProductListingPageTestCases" name="@BeforeClass setUp" time="0.0">
    <failure type="java.lang.IllegalArgumentException" message="Driver must be set">
      <![CDATA[java.lang.IllegalArgumentException: Driver must be set
	at org.openqa.selenium.internal.Require.nonNull(Require.java:61)
	at org.openqa.selenium.interactions.Actions.<init>(Actions.java:59)
	at pageObjects.DashboardPage.<init>(DashboardPage.java:17)
	at tests.ProductListingPageTestCases.setUp(ProductListingPageTestCases.java:19)
... Removed 26 stack frames]]>
    </failure>
  </testcase> <!-- @BeforeClass setUp -->
  <testcase classname="tests.DashboardPageTestCases" name="TestCaseVerifyTitle" time="3.636"/>
  <testcase classname="tests.DashboardPageTestCases" name="TestCaseClickOnCarousalLeftButton" time="7.975"/>
  <testcase classname="tests.ProductListingPageTestCases" name="TestCaseClickOnCarousalRightButton" time="0.0">
    <skipped/>
  </testcase> <!-- TestCaseClickOnCarousalRightButton -->
</testsuite> <!-- Test -->
