<!DOCTYPE html PUBLIC "-//W3C//DTD XHTML 1.1//EN" "http://www.w3.org/TR/xhtml11/DTD/xhtml11.dtd">
<html xmlns="http://www.w3.org/1999/xhtml"><head><title>TestNG Report</title><style type="text/css">table {margin-bottom:10px;border-collapse:collapse;empty-cells:show}th,td {border:1px solid #009;padding:.25em .5em}th {vertical-align:bottom}td {vertical-align:top}table a {font-weight:bold}.stripe td {background-color: #E6EBF9}.num {text-align:right}.passedodd td {background-color: #3F3}.passedeven td {background-color: #0A0}.skippedodd td {background-color: #DDD}.skippedeven td {background-color: #CCC}.failedodd td,.attn {background-color: #F33}.failedeven td,.stripe .attn {background-color: #D00}.stacktrace {white-space:pre;font-family:monospace}.totop {font-size:85%;text-align:center;border-bottom:2px solid #000}</style></head><body><table><tr><th>Test</th><th># Passed</th><th># Skipped</th><th># Failed</th><th>Time (ms)</th><th>Included Groups</th><th>Excluded Groups</th></tr><tr><th colspan="7">Default suite</th></tr><tr><td><a href="#t0">Default test</a></td><td class="num">2</td><td class="num">0</td><td class="num attn">3</td><td class="num">57,021</td><td></td><td></td></tr></table><table><thead><tr><th>Class</th><th>Method</th><th>Start</th><th>Time (ms)</th></tr></thead><tbody><tr><th colspan="4">Default suite</th></tr></tbody><tbody id="t0"><tr><th colspan="4">Default test &#8212; failed</th></tr><tr class="failedeven"><td rowspan="3">pages.DashboardPageTestCases</td><td><a href="#m0">TestCaseSelectCountryVerify</a></td><td rowspan="1">1723313003856</td><td rowspan="1">16489</td></tr><tr class="failedeven"><td><a href="#m1">TestCaseSideNavigationDigitalContentAndDevicesVerify</a></td><td rowspan="1">1723313031990</td><td rowspan="1">1124</td></tr><tr class="failedeven"><td><a href="#m2">TestCaseSideNavigationTrendingUrlsVerify</a></td><td rowspan="1">1723313020345</td><td rowspan="1">11640</td></tr><tr><th colspan="4">Default test &#8212; passed</th></tr><tr class="passedeven"><td rowspan="2">pages.DashboardPageTestCases</td><td><a href="#m3">TestCaseLanguageChangeFromFooterVerify</a></td><td rowspan="1">1723312988666</td><td rowspan="1">15189</td></tr><tr class="passedeven"><td><a href="#m4">TestCaseVerifyTitle</a></td><td rowspan="1">1723312985611</td><td rowspan="1">3050</td></tr></tbody></table><h2>Default test</h2><h3 id="m0">pages.DashboardPageTestCases#TestCaseSelectCountryVerify</h3><table class="result"><tr><th>Exception</th></tr><tr><td><div class="stacktrace">java.lang.AssertionError: Test case failed due to an exception: Expected condition failed: waiting for element to be clickable: Proxy element for: DefaultElementLocator &apos;By.xpath: //span[@class=&apos;a-button-text a-declarative&apos;]&apos; (tried for 10 second(s) with 500 milliseconds interval)
	at org.testng.Assert.fail(Assert.java:94)
	at pages.DashboardPageTestCases.TestCaseSelectCountryVerify(DashboardPageTestCases.java:792)
	at java.base/jdk.internal.reflect.NativeMethodAccessorImpl.invoke0(Native Method)
	at java.base/jdk.internal.reflect.NativeMethodAccessorImpl.invoke(NativeMethodAccessorImpl.java:77)
	at java.base/jdk.internal.reflect.DelegatingMethodAccessorImpl.invoke(DelegatingMethodAccessorImpl.java:43)
	at java.base/java.lang.reflect.Method.invoke(Method.java:568)
	at org.testng.internal.MethodInvocationHelper.invokeMethod(MethodInvocationHelper.java:86)
	at org.testng.internal.Invoker.invokeMethod(Invoker.java:643)
	at org.testng.internal.Invoker.invokeTestMethod(Invoker.java:820)
	at org.testng.internal.Invoker.invokeTestMethods(Invoker.java:1128)
	at org.testng.internal.TestMethodWorker.invokeTestMethods(TestMethodWorker.java:129)
	at org.testng.internal.TestMethodWorker.run(TestMethodWorker.java:112)
	at org.testng.TestRunner.privateRun(TestRunner.java:782)
	at org.testng.TestRunner.run(TestRunner.java:632)
	at org.testng.SuiteRunner.runTest(SuiteRunner.java:366)
	at org.testng.SuiteRunner.runSequentially(SuiteRunner.java:361)
	at org.testng.SuiteRunner.privateRun(SuiteRunner.java:319)
	at org.testng.SuiteRunner.run(SuiteRunner.java:268)
	at org.testng.SuiteRunnerWorker.runSuite(SuiteRunnerWorker.java:52)
	at org.testng.SuiteRunnerWorker.run(SuiteRunnerWorker.java:86)
	at org.testng.TestNG.runSuitesSequentially(TestNG.java:1244)
	at org.testng.TestNG.runSuitesLocally(TestNG.java:1169)
	at org.testng.TestNG.run(TestNG.java:1064)
	at org.testng.remote.AbstractRemoteTestNG.run(AbstractRemoteTestNG.java:115)
	at org.testng.remote.RemoteTestNG.initAndRun(RemoteTestNG.java:293)
	at org.testng.remote.RemoteTestNG.main(RemoteTestNG.java:91)
</div></td></tr></table><p class="totop"><a href="#summary">back to summary</a></p><h3 id="m1">pages.DashboardPageTestCases#TestCaseSideNavigationDigitalContentAndDevicesVerify</h3><table class="result"><tr><th>Exception</th></tr><tr><td><div class="stacktrace">java.lang.AssertionError: Test case failed due to an exception: element click intercepted: Element &lt;a href=&quot;javascript: void(0)&quot; id=&quot;nav-hamburger-menu&quot; role=&quot;button&quot; aria-label=&quot;Open Menu&quot; data-csa-c-type=&quot;widget&quot; data-csa-c-slot-id=&quot;HamburgerMenuDesktop&quot; data-csa-c-interaction-events=&quot;click&quot; data-csa-c-id=&quot;3vtmuk-iq1vnv-ti5tu3-qcor1r&quot;&gt;...&lt;/a&gt; is not clickable at point (40, 79). Other element would receive the click: &lt;div class=&quot;hmenu-item hmenu-title &quot;&gt;...&lt;/div&gt;
  (Session info: chrome=127.0.6533.99)
Build info: version: &apos;4.20.0&apos;, revision: &apos;866c76ca80&apos;
System info: os.name: &apos;Windows 11&apos;, os.arch: &apos;amd64&apos;, os.version: &apos;10.0&apos;, java.version: &apos;17.0.11&apos;
Driver info: org.openqa.selenium.chrome.ChromeDriver
Command: [878a79c817a1df6669e5c34bd2e8c284, clickElement {id=f.53E67021BE19FDE388FF34409A23D2FB.d.AA41A59B07A72C30F09BDA710B84FB3A.e.299}]
Capabilities {acceptInsecureCerts: false, browserName: chrome, browserVersion: 127.0.6533.99, chrome: {chromedriverVersion: 127.0.6533.99 (f31af5097d90..., userDataDir: C:\Users\rudre\AppData\Loca...}, fedcm:accounts: true, goog:chromeOptions: {debuggerAddress: localhost:63688}, networkConnectionEnabled: false, pageLoadStrategy: normal, platformName: windows, proxy: Proxy(), se:cdp: ws://localhost:63688/devtoo..., se:cdpVersion: 127.0.6533.99, setWindowRect: true, strictFileInteractability: false, timeouts: {implicit: 0, pageLoad: 300000, script: 30000}, unhandledPromptBehavior: dismiss and notify, webauthn:extension:credBlob: true, webauthn:extension:largeBlob: true, webauthn:extension:minPinLength: true, webauthn:extension:prf: true, webauthn:virtualAuthenticators: true}
Element: [[ChromeDriver: chrome on windows (878a79c817a1df6669e5c34bd2e8c284)] -&gt; id: nav-hamburger-menu]
Session ID: 878a79c817a1df6669e5c34bd2e8c284
	at org.testng.Assert.fail(Assert.java:94)
	at pages.DashboardPageTestCases.TestCaseSideNavigationDigitalContentAndDevicesVerify(DashboardPageTestCases.java:871)
	at java.base/jdk.internal.reflect.NativeMethodAccessorImpl.invoke0(Native Method)
	at java.base/jdk.internal.reflect.NativeMethodAccessorImpl.invoke(NativeMethodAccessorImpl.java:77)
	at java.base/jdk.internal.reflect.DelegatingMethodAccessorImpl.invoke(DelegatingMethodAccessorImpl.java:43)
	at java.base/java.lang.reflect.Method.invoke(Method.java:568)
	at org.testng.internal.MethodInvocationHelper.invokeMethod(MethodInvocationHelper.java:86)
	at org.testng.internal.Invoker.invokeMethod(Invoker.java:643)
	at org.testng.internal.Invoker.invokeTestMethod(Invoker.java:820)
	at org.testng.internal.Invoker.invokeTestMethods(Invoker.java:1128)
	at org.testng.internal.TestMethodWorker.invokeTestMethods(TestMethodWorker.java:129)
	at org.testng.internal.TestMethodWorker.run(TestMethodWorker.java:112)
	at org.testng.TestRunner.privateRun(TestRunner.java:782)
	at org.testng.TestRunner.run(TestRunner.java:632)
	at org.testng.SuiteRunner.runTest(SuiteRunner.java:366)
	at org.testng.SuiteRunner.runSequentially(SuiteRunner.java:361)
	at org.testng.SuiteRunner.privateRun(SuiteRunner.java:319)
	at org.testng.SuiteRunner.run(SuiteRunner.java:268)
	at org.testng.SuiteRunnerWorker.runSuite(SuiteRunnerWorker.java:52)
	at org.testng.SuiteRunnerWorker.run(SuiteRunnerWorker.java:86)
	at org.testng.TestNG.runSuitesSequentially(TestNG.java:1244)
	at org.testng.TestNG.runSuitesLocally(TestNG.java:1169)
	at org.testng.TestNG.run(TestNG.java:1064)
	at org.testng.remote.AbstractRemoteTestNG.run(AbstractRemoteTestNG.java:115)
	at org.testng.remote.RemoteTestNG.initAndRun(RemoteTestNG.java:293)
	at org.testng.remote.RemoteTestNG.main(RemoteTestNG.java:91)
</div></td></tr></table><p class="totop"><a href="#summary">back to summary</a></p><h3 id="m2">pages.DashboardPageTestCases#TestCaseSideNavigationTrendingUrlsVerify</h3><table class="result"><tr><th>Exception</th></tr><tr><td><div class="stacktrace">java.lang.AssertionError: Test case failed due to an exception: element click intercepted: Element &lt;a href=&quot;javascript: void(0)&quot; id=&quot;nav-hamburger-menu&quot; role=&quot;button&quot; aria-label=&quot;Open Menu&quot; data-csa-c-type=&quot;widget&quot; data-csa-c-slot-id=&quot;HamburgerMenuDesktop&quot; data-csa-c-interaction-events=&quot;click&quot; data-csa-c-id=&quot;3vtmuk-iq1vnv-ti5tu3-qcor1r&quot;&gt;...&lt;/a&gt; is not clickable at point (40, 79). Other element would receive the click: &lt;div class=&quot;hmenu-item hmenu-title &quot;&gt;...&lt;/div&gt;
  (Session info: chrome=127.0.6533.99)
Build info: version: &apos;4.20.0&apos;, revision: &apos;866c76ca80&apos;
System info: os.name: &apos;Windows 11&apos;, os.arch: &apos;amd64&apos;, os.version: &apos;10.0&apos;, java.version: &apos;17.0.11&apos;
Driver info: org.openqa.selenium.chrome.ChromeDriver
Command: [878a79c817a1df6669e5c34bd2e8c284, clickElement {id=f.53E67021BE19FDE388FF34409A23D2FB.d.AA41A59B07A72C30F09BDA710B84FB3A.e.299}]
Capabilities {acceptInsecureCerts: false, browserName: chrome, browserVersion: 127.0.6533.99, chrome: {chromedriverVersion: 127.0.6533.99 (f31af5097d90..., userDataDir: C:\Users\rudre\AppData\Loca...}, fedcm:accounts: true, goog:chromeOptions: {debuggerAddress: localhost:63688}, networkConnectionEnabled: false, pageLoadStrategy: normal, platformName: windows, proxy: Proxy(), se:cdp: ws://localhost:63688/devtoo..., se:cdpVersion: 127.0.6533.99, setWindowRect: true, strictFileInteractability: false, timeouts: {implicit: 0, pageLoad: 300000, script: 30000}, unhandledPromptBehavior: dismiss and notify, webauthn:extension:credBlob: true, webauthn:extension:largeBlob: true, webauthn:extension:minPinLength: true, webauthn:extension:prf: true, webauthn:virtualAuthenticators: true}
Element: [[ChromeDriver: chrome on windows (878a79c817a1df6669e5c34bd2e8c284)] -&gt; id: nav-hamburger-menu]
Session ID: 878a79c817a1df6669e5c34bd2e8c284
	at org.testng.Assert.fail(Assert.java:94)
	at pages.DashboardPageTestCases.TestCaseSideNavigationTrendingUrlsVerify(DashboardPageTestCases.java:826)
	at java.base/jdk.internal.reflect.NativeMethodAccessorImpl.invoke0(Native Method)
	at java.base/jdk.internal.reflect.NativeMethodAccessorImpl.invoke(NativeMethodAccessorImpl.java:77)
	at java.base/jdk.internal.reflect.DelegatingMethodAccessorImpl.invoke(DelegatingMethodAccessorImpl.java:43)
	at java.base/java.lang.reflect.Method.invoke(Method.java:568)
	at org.testng.internal.MethodInvocationHelper.invokeMethod(MethodInvocationHelper.java:86)
	at org.testng.internal.Invoker.invokeMethod(Invoker.java:643)
	at org.testng.internal.Invoker.invokeTestMethod(Invoker.java:820)
	at org.testng.internal.Invoker.invokeTestMethods(Invoker.java:1128)
	at org.testng.internal.TestMethodWorker.invokeTestMethods(TestMethodWorker.java:129)
	at org.testng.internal.TestMethodWorker.run(TestMethodWorker.java:112)
	at org.testng.TestRunner.privateRun(TestRunner.java:782)
	at org.testng.TestRunner.run(TestRunner.java:632)
	at org.testng.SuiteRunner.runTest(SuiteRunner.java:366)
	at org.testng.SuiteRunner.runSequentially(SuiteRunner.java:361)
	at org.testng.SuiteRunner.privateRun(SuiteRunner.java:319)
	at org.testng.SuiteRunner.run(SuiteRunner.java:268)
	at org.testng.SuiteRunnerWorker.runSuite(SuiteRunnerWorker.java:52)
	at org.testng.SuiteRunnerWorker.run(SuiteRunnerWorker.java:86)
	at org.testng.TestNG.runSuitesSequentially(TestNG.java:1244)
	at org.testng.TestNG.runSuitesLocally(TestNG.java:1169)
	at org.testng.TestNG.run(TestNG.java:1064)
	at org.testng.remote.AbstractRemoteTestNG.run(AbstractRemoteTestNG.java:115)
	at org.testng.remote.RemoteTestNG.initAndRun(RemoteTestNG.java:293)
	at org.testng.remote.RemoteTestNG.main(RemoteTestNG.java:91)
</div></td></tr></table><p class="totop"><a href="#summary">back to summary</a></p><h3 id="m3">pages.DashboardPageTestCases#TestCaseLanguageChangeFromFooterVerify</h3><table class="result"></table><p class="totop"><a href="#summary">back to summary</a></p><h3 id="m4">pages.DashboardPageTestCases#TestCaseVerifyTitle</h3><table class="result"></table><p class="totop"><a href="#summary">back to summary</a></p></body></html>