<?xml version="1.0" encoding="UTF-8"?>
<testng-results total="4" passed="3" failed="1" skipped="0">
  <reporter-output>
  </reporter-output>
  <suite started-at="2024-08-19T16:45:05Z" name="Suite" finished-at="2024-08-19T16:45:33Z" duration-ms="28373">
    <groups>
    </groups>
    <test started-at="2024-08-19T16:45:05Z" name="Test" finished-at="2024-08-19T16:45:33Z" duration-ms="28373">
      <class name="tests.ProductListingPageTestCases">
        <test-method signature="zzzzTestCaseProductFilter()[pri:24, instance:tests.ProductListingPageTestCases@38234a38]" started-at="2024-08-19T22:15:25Z" name="zzzzTestCaseProductFilter" finished-at="2024-08-19T22:15:33Z" duration-ms="8305" status="FAIL">
          <exception class="java.lang.AssertionError">
            <message>
              <![CDATA[Test case failed due to an exception: element click intercepted: Element <input type="checkbox" name="" value=""> is not clickable at point (19, 368). Other element would receive the click: <i class="a-icon a-icon-checkbox"></i>
  (Session info: chrome=127.0.6533.120)
Build info: version: '4.20.0', revision: '866c76ca80'
System info: os.name: 'Windows 11', os.arch: 'amd64', os.version: '10.0', java.version: '17.0.11'
Driver info: org.openqa.selenium.chrome.ChromeDriver
Command: [c75be826f11f812bfa78dbe749ee0b2c, clickElement {id=f.788C31B0F96965D1496D413600CDB2B3.d.F1DF40B2A2DFD6BD6EE6FB1CD2BB92BB.e.157}]
Capabilities {acceptInsecureCerts: false, browserName: chrome, browserVersion: 127.0.6533.120, chrome: {chromedriverVersion: 127.0.6533.119 (bdef6783a05..., userDataDir: C:\Users\rudre\AppData\Loca...}, fedcm:accounts: true, goog:chromeOptions: {debuggerAddress: localhost:59705}, networkConnectionEnabled: false, pageLoadStrategy: normal, platformName: windows, proxy: Proxy(), se:cdp: ws://localhost:59705/devtoo..., se:cdpVersion: 127.0.6533.120, setWindowRect: true, strictFileInteractability: false, timeouts: {implicit: 0, pageLoad: 300000, script: 30000}, unhandledPromptBehavior: dismiss and notify, webauthn:extension:credBlob: true, webauthn:extension:largeBlob: true, webauthn:extension:minPinLength: true, webauthn:extension:prf: true, webauthn:virtualAuthenticators: true}
Element: [[ChromeDriver: chrome on windows (c75be826f11f812bfa78dbe749ee0b2c)] -> xpath: (//input[@type='checkbox'])[1]]
Session ID: c75be826f11f812bfa78dbe749ee0b2c]]>
            </message>
            <full-stacktrace>
              <![CDATA[java.lang.AssertionError: Test case failed due to an exception: element click intercepted: Element <input type="checkbox" name="" value=""> is not clickable at point (19, 368). Other element would receive the click: <i class="a-icon a-icon-checkbox"></i>
  (Session info: chrome=127.0.6533.120)
Build info: version: '4.20.0', revision: '866c76ca80'
System info: os.name: 'Windows 11', os.arch: 'amd64', os.version: '10.0', java.version: '17.0.11'
Driver info: org.openqa.selenium.chrome.ChromeDriver
Command: [c75be826f11f812bfa78dbe749ee0b2c, clickElement {id=f.788C31B0F96965D1496D413600CDB2B3.d.F1DF40B2A2DFD6BD6EE6FB1CD2BB92BB.e.157}]
Capabilities {acceptInsecureCerts: false, browserName: chrome, browserVersion: 127.0.6533.120, chrome: {chromedriverVersion: 127.0.6533.119 (bdef6783a05..., userDataDir: C:\Users\rudre\AppData\Loca...}, fedcm:accounts: true, goog:chromeOptions: {debuggerAddress: localhost:59705}, networkConnectionEnabled: false, pageLoadStrategy: normal, platformName: windows, proxy: Proxy(), se:cdp: ws://localhost:59705/devtoo..., se:cdpVersion: 127.0.6533.120, setWindowRect: true, strictFileInteractability: false, timeouts: {implicit: 0, pageLoad: 300000, script: 30000}, unhandledPromptBehavior: dismiss and notify, webauthn:extension:credBlob: true, webauthn:extension:largeBlob: true, webauthn:extension:minPinLength: true, webauthn:extension:prf: true, webauthn:virtualAuthenticators: true}
Element: [[ChromeDriver: chrome on windows (c75be826f11f812bfa78dbe749ee0b2c)] -> xpath: (//input[@type='checkbox'])[1]]
Session ID: c75be826f11f812bfa78dbe749ee0b2c
	at org.testng.Assert.fail(Assert.java:94)
	at tests.ProductListingPageTestCases.zzzzTestCaseProductFilter(ProductListingPageTestCases.java:46)
	at java.base/jdk.internal.reflect.NativeMethodAccessorImpl.invoke0(Native Method)
	at java.base/jdk.internal.reflect.NativeMethodAccessorImpl.invoke(NativeMethodAccessorImpl.java:77)
	at java.base/jdk.internal.reflect.DelegatingMethodAccessorImpl.invoke(DelegatingMethodAccessorImpl.java:43)
	at java.base/java.lang.reflect.Method.invoke(Method.java:568)
	at org.testng.internal.MethodInvocationHelper.invokeMethod(MethodInvocationHelper.java:86)
	at org.testng.internal.Invoker.invokeMethod(Invoker.java:643)
	at org.testng.internal.Invoker.invokeTestMethod(Invoker.java:820)
	at org.testng.internal.Invoker.invokeTestMethods(Invoker.java:1128)
	at org.testng.internal.TestMethodWorker.invokeTestMethods(TestMethodWorker.java:129)
	at org.testng.internal.TestMethodWorker.run(TestMethodWorker.java:112)
	at org.testng.TestRunner.privateRun(TestRunner.java:782)
	at org.testng.TestRunner.run(TestRunner.java:632)
	at org.testng.SuiteRunner.runTest(SuiteRunner.java:366)
	at org.testng.SuiteRunner.runSequentially(SuiteRunner.java:361)
	at org.testng.SuiteRunner.privateRun(SuiteRunner.java:319)
	at org.testng.SuiteRunner.run(SuiteRunner.java:268)
	at org.testng.SuiteRunnerWorker.runSuite(SuiteRunnerWorker.java:52)
	at org.testng.SuiteRunnerWorker.run(SuiteRunnerWorker.java:86)
	at org.testng.TestNG.runSuitesSequentially(TestNG.java:1244)
	at org.testng.TestNG.runSuitesLocally(TestNG.java:1169)
	at org.testng.TestNG.run(TestNG.java:1064)
	at org.testng.remote.AbstractRemoteTestNG.run(AbstractRemoteTestNG.java:115)
	at org.testng.remote.RemoteTestNG.initAndRun(RemoteTestNG.java:293)
	at org.testng.remote.RemoteTestNG.main(RemoteTestNG.java:91)
]]>
            </full-stacktrace>
          </exception> <!-- java.lang.AssertionError -->
          <reporter-output>
          </reporter-output>
        </test-method> <!-- zzzzTestCaseProductFilter -->
        <test-method is-config="true" signature="setUp()[pri:0, instance:tests.ProductListingPageTestCases@38234a38]" started-at="2024-08-19T22:15:25Z" name="setUp" finished-at="2024-08-19T22:15:25Z" duration-ms="0" status="PASS">
          <reporter-output>
          </reporter-output>
        </test-method> <!-- setUp -->
      </class> <!-- tests.ProductListingPageTestCases -->
      <class name="tests.DashboardPageTestCases">
        <test-method is-config="true" signature="setUpSuite()[pri:0, instance:tests.DashboardPageTestCases@484094a5]" started-at="2024-08-19T22:15:01Z" name="setUpSuite" finished-at="2024-08-19T22:15:05Z" duration-ms="3604" status="PASS">
          <reporter-output>
          </reporter-output>
        </test-method> <!-- setUpSuite -->
        <test-method is-config="true" signature="setup()[pri:0, instance:tests.DashboardPageTestCases@484094a5]" started-at="2024-08-19T22:15:05Z" name="setup" finished-at="2024-08-19T22:15:05Z" duration-ms="64" status="PASS">
          <reporter-output>
          </reporter-output>
        </test-method> <!-- setup -->
        <test-method signature="TestCaseVerifyTitle()[pri:1, instance:tests.DashboardPageTestCases@484094a5]" started-at="2024-08-19T22:15:05Z" name="TestCaseVerifyTitle" finished-at="2024-08-19T22:15:08Z" duration-ms="3668" status="PASS">
          <reporter-output>
          </reporter-output>
        </test-method> <!-- TestCaseVerifyTitle -->
        <test-method signature="TestCaseClickOnCarousalLeftButton()[pri:2, instance:tests.DashboardPageTestCases@484094a5]" started-at="2024-08-19T22:15:08Z" name="TestCaseClickOnCarousalLeftButton" finished-at="2024-08-19T22:15:17Z" duration-ms="8293" status="PASS">
          <reporter-output>
          </reporter-output>
        </test-method> <!-- TestCaseClickOnCarousalLeftButton -->
        <test-method signature="TestCaseClickOnCarousalRightButton()[pri:3, instance:tests.DashboardPageTestCases@484094a5]" started-at="2024-08-19T22:15:17Z" name="TestCaseClickOnCarousalRightButton" finished-at="2024-08-19T22:15:25Z" duration-ms="8006" status="PASS">
          <reporter-output>
          </reporter-output>
        </test-method> <!-- TestCaseClickOnCarousalRightButton -->
        <test-method is-config="true" signature="tearDownSuite()[pri:0, instance:tests.DashboardPageTestCases@484094a5]" started-at="2024-08-19T22:15:33Z" name="tearDownSuite" finished-at="2024-08-19T22:15:33Z" duration-ms="457" status="PASS">
          <reporter-output>
          </reporter-output>
        </test-method> <!-- tearDownSuite -->
      </class> <!-- tests.DashboardPageTestCases -->
    </test> <!-- Test -->
  </suite> <!-- Suite -->
</testng-results>
