<?xml version="1.0" encoding="UTF-8"?>
<!-- Generated by org.testng.reporters.JUnitReportReporter -->
<testsuite hostname="LAPTOP-RMAM58HG" failures="1" tests="23" name="tests.DashboardPageTestCases" time="570.412" errors="1" timestamp="14 Aug 2024 16:09:10 GMT">
  <testcase classname="tests.DashboardPageTestCases" name="TestCaseClickOnCarousalLeftButton" time="8.158"/>
  <testcase classname="tests.DashboardPageTestCases" name="TestCaseSideNavigationDigitalContentAndDevicesVerify" time="98.124"/>
  <testcase classname="tests.DashboardPageTestCases" name="TestCaseMakeMoneyWithUsLinksVerify" time="90.479"/>
  <testcase classname="tests.DashboardPageTestCases" name="TestCaseProductFilter" time="8.798">
    <failure message="Test case failed due to an exception: element click intercepted: Element &lt;input type=&quot;checkbox&quot; name=&quot;&quot; value=&quot;&quot;&gt; is not clickable at point (19, 306). Other element would receive the click: &lt;i class=&quot;a-icon a-icon-checkbox&quot;&gt;&lt;/i&gt;
  (Session info: chrome=127.0.6533.100)
Build info: version: &#039;4.20.0&#039;, revision: &#039;866c76ca80&#039;
System info: os.name: &#039;Windows 11&#039;, os.arch: &#039;amd64&#039;, os.version: &#039;10.0&#039;, java.version: &#039;17.0.11&#039;
Driver info: org.openqa.selenium.chrome.ChromeDriver
Command: [94c7d9756b08654bd8ee98b9a27a51fd, clickElement {id=f.C66B8F5959652323ACD6DA95B4F4186C.d.CD5622DEC8D48B344DE6026DF8E091A0.e.5378}]
Capabilities {acceptInsecureCerts: false, browserName: chrome, browserVersion: 127.0.6533.100, chrome: {chromedriverVersion: 127.0.6533.99 (f31af5097d90..., userDataDir: C:\Users\rudre\AppData\Loca...}, fedcm:accounts: true, goog:chromeOptions: {debuggerAddress: localhost:53178}, networkConnectionEnabled: false, pageLoadStrategy: normal, platformName: windows, proxy: Proxy(), se:cdp: ws://localhost:53178/devtoo..., se:cdpVersion: 127.0.6533.100, setWindowRect: true, strictFileInteractability: false, timeouts: {implicit: 0, pageLoad: 300000, script: 30000}, unhandledPromptBehavior: dismiss and notify, webauthn:extension:credBlob: true, webauthn:extension:largeBlob: true, webauthn:extension:minPinLength: true, webauthn:extension:prf: true, webauthn:virtualAuthenticators: true}
Element: [[ChromeDriver: chrome on windows (94c7d9756b08654bd8ee98b9a27a51fd)] -&gt; xpath: (//input[@type=&#039;checkbox&#039;])[1]]
Session ID: 94c7d9756b08654bd8ee98b9a27a51fd" type="java.lang.AssertionError">
      <![CDATA[java.lang.AssertionError: Test case failed due to an exception: element click intercepted: Element <input type="checkbox" name="" value=""> is not clickable at point (19, 306). Other element would receive the click: <i class="a-icon a-icon-checkbox"></i>
  (Session info: chrome=127.0.6533.100)
Build info: version: '4.20.0', revision: '866c76ca80'
System info: os.name: 'Windows 11', os.arch: 'amd64', os.version: '10.0', java.version: '17.0.11'
Driver info: org.openqa.selenium.chrome.ChromeDriver
Command: [94c7d9756b08654bd8ee98b9a27a51fd, clickElement {id=f.C66B8F5959652323ACD6DA95B4F4186C.d.CD5622DEC8D48B344DE6026DF8E091A0.e.5378}]
Capabilities {acceptInsecureCerts: false, browserName: chrome, browserVersion: 127.0.6533.100, chrome: {chromedriverVersion: 127.0.6533.99 (f31af5097d90..., userDataDir: C:\Users\rudre\AppData\Loca...}, fedcm:accounts: true, goog:chromeOptions: {debuggerAddress: localhost:53178}, networkConnectionEnabled: false, pageLoadStrategy: normal, platformName: windows, proxy: Proxy(), se:cdp: ws://localhost:53178/devtoo..., se:cdpVersion: 127.0.6533.100, setWindowRect: true, strictFileInteractability: false, timeouts: {implicit: 0, pageLoad: 300000, script: 30000}, unhandledPromptBehavior: dismiss and notify, webauthn:extension:credBlob: true, webauthn:extension:largeBlob: true, webauthn:extension:minPinLength: true, webauthn:extension:prf: true, webauthn:virtualAuthenticators: true}
Element: [[ChromeDriver: chrome on windows (94c7d9756b08654bd8ee98b9a27a51fd)] -> xpath: (//input[@type='checkbox'])[1]]
Session ID: 94c7d9756b08654bd8ee98b9a27a51fd
	at org.testng.Assert.fail(Assert.java:94)
	at tests.DashboardPageTestCases.TestCaseProductFilter(DashboardPageTestCases.java:1102)
	at java.base/jdk.internal.reflect.NativeMethodAccessorImpl.invoke0(Native Method)
	at java.base/jdk.internal.reflect.NativeMethodAccessorImpl.invoke(NativeMethodAccessorImpl.java:77)
	at java.base/jdk.internal.reflect.DelegatingMethodAccessorImpl.invoke(DelegatingMethodAccessorImpl.java:43)
	at java.base/java.lang.reflect.Method.invoke(Method.java:568)
	at org.testng.internal.MethodInvocationHelper.invokeMethod(MethodInvocationHelper.java:86)
	at org.testng.internal.Invoker.invokeMethod(Invoker.java:643)
	at org.testng.internal.Invoker.invokeTestMethod(Invoker.java:820)
	at org.testng.internal.Invoker.invokeTestMethods(Invoker.java:1128)
	at org.testng.internal.TestMethodWorker.invokeTestMethods(TestMethodWorker.java:129)
	at org.testng.internal.TestMethodWorker.run(TestMethodWorker.java:112)
	at org.testng.TestRunner.privateRun(TestRunner.java:782)
	at org.testng.TestRunner.run(TestRunner.java:632)
	at org.testng.SuiteRunner.runTest(SuiteRunner.java:366)
	at org.testng.SuiteRunner.runSequentially(SuiteRunner.java:361)
	at org.testng.SuiteRunner.privateRun(SuiteRunner.java:319)
	at org.testng.SuiteRunner.run(SuiteRunner.java:268)
	at org.testng.SuiteRunnerWorker.runSuite(SuiteRunnerWorker.java:52)
	at org.testng.SuiteRunnerWorker.run(SuiteRunnerWorker.java:86)
	at org.testng.TestNG.runSuitesSequentially(TestNG.java:1244)
	at org.testng.TestNG.runSuitesLocally(TestNG.java:1169)
	at org.testng.TestNG.run(TestNG.java:1064)
	at org.testng.remote.AbstractRemoteTestNG.run(AbstractRemoteTestNG.java:115)
	at org.testng.remote.RemoteTestNG.initAndRun(RemoteTestNG.java:293)
	at org.testng.remote.RemoteTestNG.main(RemoteTestNG.java:91)
]]>
    </failure>
  </testcase> <!-- TestCaseProductFilter -->
  <testcase classname="tests.DashboardPageTestCases" name="TestCaseEnterCurrentPinCode" time="8.723"/>
  <testcase classname="tests.DashboardPageTestCases" name="TestCaseLetUsHelpYouVerify" time="4.260">
    <error message="element click intercepted: Element &lt;a href=&quot;/gp/help/customer/display.html?nodeId=GDFU3JS5AL6SYHRD&amp;amp;ref_=footer_covid&quot; class=&quot;nav_a&quot;&gt;...&lt;/a&gt; is not clickable at point (1120, 46). Other element would receive the click: &lt;input id=&quot;nav-search-submit-button&quot; type=&quot;submit&quot; class=&quot;nav-input nav-progressive-attribute&quot; value=&quot;Go&quot; tabindex=&quot;0&quot;&gt;
  (Session info: chrome=127.0.6533.100)
Build info: version: &#039;4.20.0&#039;, revision: &#039;866c76ca80&#039;
System info: os.name: &#039;Windows 11&#039;, os.arch: &#039;amd64&#039;, os.version: &#039;10.0&#039;, java.version: &#039;17.0.11&#039;
Driver info: org.openqa.selenium.chrome.ChromeDriver
Command: [94c7d9756b08654bd8ee98b9a27a51fd, clickElement {id=f.C66B8F5959652323ACD6DA95B4F4186C.d.25E8EC1446AA4F1476410A305065C670.e.2457}]
Capabilities {acceptInsecureCerts: false, browserName: chrome, browserVersion: 127.0.6533.100, chrome: {chromedriverVersion: 127.0.6533.99 (f31af5097d90..., userDataDir: C:\Users\rudre\AppData\Loca...}, fedcm:accounts: true, goog:chromeOptions: {debuggerAddress: localhost:53178}, networkConnectionEnabled: false, pageLoadStrategy: normal, platformName: windows, proxy: Proxy(), se:cdp: ws://localhost:53178/devtoo..., se:cdpVersion: 127.0.6533.100, setWindowRect: true, strictFileInteractability: false, timeouts: {implicit: 0, pageLoad: 300000, script: 30000}, unhandledPromptBehavior: dismiss and notify, webauthn:extension:credBlob: true, webauthn:extension:largeBlob: true, webauthn:extension:minPinLength: true, webauthn:extension:prf: true, webauthn:virtualAuthenticators: true}
Element: [[ChromeDriver: chrome on windows (94c7d9756b08654bd8ee98b9a27a51fd)] -&gt; xpath: (//a[@class=&#039;nav_a&#039;])[17]]
Session ID: 94c7d9756b08654bd8ee98b9a27a51fd" type="org.openqa.selenium.ElementClickInterceptedException">
      <![CDATA[org.openqa.selenium.ElementClickInterceptedException: element click intercepted: Element <a href="/gp/help/customer/display.html?nodeId=GDFU3JS5AL6SYHRD&amp;ref_=footer_covid" class="nav_a">...</a> is not clickable at point (1120, 46). Other element would receive the click: <input id="nav-search-submit-button" type="submit" class="nav-input nav-progressive-attribute" value="Go" tabindex="0">
  (Session info: chrome=127.0.6533.100)
Build info: version: '4.20.0', revision: '866c76ca80'
System info: os.name: 'Windows 11', os.arch: 'amd64', os.version: '10.0', java.version: '17.0.11'
Driver info: org.openqa.selenium.chrome.ChromeDriver
Command: [94c7d9756b08654bd8ee98b9a27a51fd, clickElement {id=f.C66B8F5959652323ACD6DA95B4F4186C.d.25E8EC1446AA4F1476410A305065C670.e.2457}]
Capabilities {acceptInsecureCerts: false, browserName: chrome, browserVersion: 127.0.6533.100, chrome: {chromedriverVersion: 127.0.6533.99 (f31af5097d90..., userDataDir: C:\Users\rudre\AppData\Loca...}, fedcm:accounts: true, goog:chromeOptions: {debuggerAddress: localhost:53178}, networkConnectionEnabled: false, pageLoadStrategy: normal, platformName: windows, proxy: Proxy(), se:cdp: ws://localhost:53178/devtoo..., se:cdpVersion: 127.0.6533.100, setWindowRect: true, strictFileInteractability: false, timeouts: {implicit: 0, pageLoad: 300000, script: 30000}, unhandledPromptBehavior: dismiss and notify, webauthn:extension:credBlob: true, webauthn:extension:largeBlob: true, webauthn:extension:minPinLength: true, webauthn:extension:prf: true, webauthn:virtualAuthenticators: true}
Element: [[ChromeDriver: chrome on windows (94c7d9756b08654bd8ee98b9a27a51fd)] -> xpath: (//a[@class='nav_a'])[17]]
Session ID: 94c7d9756b08654bd8ee98b9a27a51fd
	at java.base/jdk.internal.reflect.NativeConstructorAccessorImpl.newInstance0(Native Method)
	at java.base/jdk.internal.reflect.NativeConstructorAccessorImpl.newInstance(NativeConstructorAccessorImpl.java:77)
	at java.base/jdk.internal.reflect.DelegatingConstructorAccessorImpl.newInstance(DelegatingConstructorAccessorImpl.java:45)
	at java.base/java.lang.reflect.Constructor.newInstanceWithCaller(Constructor.java:499)
	at java.base/java.lang.reflect.Constructor.newInstance(Constructor.java:480)
	at org.openqa.selenium.remote.ErrorCodec.decode(ErrorCodec.java:167)
	at org.openqa.selenium.remote.codec.w3c.W3CHttpResponseCodec.decode(W3CHttpResponseCodec.java:138)
	at org.openqa.selenium.remote.codec.w3c.W3CHttpResponseCodec.decode(W3CHttpResponseCodec.java:50)
	at org.openqa.selenium.remote.HttpCommandExecutor.execute(HttpCommandExecutor.java:190)
	at org.openqa.selenium.remote.service.DriverCommandExecutor.invokeExecute(DriverCommandExecutor.java:216)
	at org.openqa.selenium.remote.service.DriverCommandExecutor.execute(DriverCommandExecutor.java:174)
	at org.openqa.selenium.remote.RemoteWebDriver.execute(RemoteWebDriver.java:518)
	at org.openqa.selenium.remote.RemoteWebElement.execute(RemoteWebElement.java:223)
	at org.openqa.selenium.remote.RemoteWebElement.click(RemoteWebElement.java:76)
	at jdk.internal.reflect.GeneratedMethodAccessor1.invoke(Unknown Source)
	at java.base/jdk.internal.reflect.DelegatingMethodAccessorImpl.invoke(DelegatingMethodAccessorImpl.java:43)
	at java.base/java.lang.reflect.Method.invoke(Method.java:568)
	at org.openqa.selenium.support.pagefactory.internal.LocatingElementHandler.invoke(LocatingElementHandler.java:51)
	at jdk.proxy2/jdk.proxy2.$Proxy12.click(Unknown Source)
	at tests.DashboardPageTestCases.TestCaseLetUsHelpYouVerify(DashboardPageTestCases.java:410)
	at java.base/jdk.internal.reflect.NativeMethodAccessorImpl.invoke0(Native Method)
	at java.base/jdk.internal.reflect.NativeMethodAccessorImpl.invoke(NativeMethodAccessorImpl.java:77)
	at java.base/jdk.internal.reflect.DelegatingMethodAccessorImpl.invoke(DelegatingMethodAccessorImpl.java:43)
	at java.base/java.lang.reflect.Method.invoke(Method.java:568)
	at org.testng.internal.MethodInvocationHelper.invokeMethod(MethodInvocationHelper.java:86)
	at org.testng.internal.Invoker.invokeMethod(Invoker.java:643)
	at org.testng.internal.Invoker.invokeTestMethod(Invoker.java:820)
	at org.testng.internal.Invoker.invokeTestMethods(Invoker.java:1128)
	at org.testng.internal.TestMethodWorker.invokeTestMethods(TestMethodWorker.java:129)
	at org.testng.internal.TestMethodWorker.run(TestMethodWorker.java:112)
	at org.testng.TestRunner.privateRun(TestRunner.java:782)
	at org.testng.TestRunner.run(TestRunner.java:632)
	at org.testng.SuiteRunner.runTest(SuiteRunner.java:366)
	at org.testng.SuiteRunner.runSequentially(SuiteRunner.java:361)
	at org.testng.SuiteRunner.privateRun(SuiteRunner.java:319)
	at org.testng.SuiteRunner.run(SuiteRunner.java:268)
	at org.testng.SuiteRunnerWorker.runSuite(SuiteRunnerWorker.java:52)
	at org.testng.SuiteRunnerWorker.run(SuiteRunnerWorker.java:86)
	at org.testng.TestNG.runSuitesSequentially(TestNG.java:1244)
	at org.testng.TestNG.runSuitesLocally(TestNG.java:1169)
	at org.testng.TestNG.run(TestNG.java:1064)
	at org.testng.remote.AbstractRemoteTestNG.run(AbstractRemoteTestNG.java:115)
	at org.testng.remote.RemoteTestNG.initAndRun(RemoteTestNG.java:293)
	at org.testng.remote.RemoteTestNG.main(RemoteTestNG.java:91)
]]>
    </error>
  </testcase> <!-- TestCaseLetUsHelpYouVerify -->
  <testcase classname="tests.DashboardPageTestCases" name="TestCaseAmazonServiceCategoriesVerify" time="73.743"/>
  <testcase classname="tests.DashboardPageTestCases" name="TestCaseAmazonFooterLogoVerify" time="4.762"/>
  <testcase classname="tests.DashboardPageTestCases" name="TestCaseSideNavigationTrendingUrlsVerify" time="43.438"/>
  <testcase classname="tests.DashboardPageTestCases" name="TestCaseFooterGetToKnowUsLinksVerification" time="19.875"/>
  <testcase classname="tests.DashboardPageTestCases" name="TestCaseAmazonTextVerify" time="3.086"/>
  <testcase classname="tests.DashboardPageTestCases" name="TestCaseLanguageChangeFromFooterVerify" time="33.814"/>
  <testcase classname="tests.DashboardPageTestCases" name="TestCaseChangeWebsiteLanguage" time="10.820"/>
  <testcase classname="tests.DashboardPageTestCases" name="TestCaseClickOnAboutUsButton" time="7.836"/>
  <testcase classname="tests.DashboardPageTestCases" name="TestCaseClickOnCarousalRightButton" time="8.187"/>
  <testcase classname="tests.DashboardPageTestCases" name="TestCaseSelectCountryVerify" time="32.212"/>
  <testcase classname="tests.DashboardPageTestCases" name="TestCaseAmazonLogo" time="5.155"/>
  <testcase classname="tests.DashboardPageTestCases" name="TestCaseFooterCopyRightLinksVerify" time="22.936"/>
  <testcase classname="tests.DashboardPageTestCases" name="TestCaseSearchForProduct" time="13.308"/>
  <testcase classname="tests.DashboardPageTestCases" name="TestCaseSignInPage" time="9.023"/>
  <testcase classname="tests.DashboardPageTestCases" name="TestCaseVerifyTitle" time="3.060"/>
  <testcase classname="tests.DashboardPageTestCases" name="TestCaseClickOnHamburgerMenuButton" time="4.583"/>
  <testcase classname="tests.DashboardPageTestCases" name="TestCaseSocialMediaPages" time="56.032"/>
</testsuite> <!-- tests.DashboardPageTestCases -->
